<?xml version="1.0" encoding="UTF-8"?>
<testsuite name="com.aearwood.coordinator.api.AthleteRestControllerTest" time="0.524" tests="1" errors="0" skipped="0" failures="1">
  <properties>
[...]
</properties>
  <testcase name="createAthleteSuccess" classname="com.aearwood.coordinator.api.AthleteRestControllerTest" time="0.524">
    <failure message="No value at JSON path &quot;@.age&quot;, exception: json can not be null or empty" type="java.lang.AssertionError">java.lang.AssertionError: No value at JSON path "@.age", exception: json can not be null or empty
	at org.springframework.test.util.JsonPathExpectationsHelper.evaluateJsonPath(JsonPathExpectationsHelper.java:245)
	at org.springframework.test.util.JsonPathExpectationsHelper.assertValue(JsonPathExpectationsHelper.java:73)
	at org.springframework.test.web.servlet.result.JsonPathResultMatchers$1.match(JsonPathResultMatchers.java:86)
	at org.springframework.test.web.servlet.MockMvc$1.andExpect(MockMvc.java:171)
	at com.aearwood.coordinator.api.AthleteRestControllerTest.createAthleteSuccess(AthleteRestControllerTest.java:159)
</failure>
    <system-out><![CDATA[
  .   ____          _            __ _ _
 /\\ / ___'_ __ _ _(_)_ __  __ _ \ \ \ \
( ( )\___ | '_ | '_| | '_ \/ _` | \ \ \ \
 \\/  ___)| |_)| | | | | || (_| |  ) ) ) )
  '  |____| .__|_| |_|_| |_\__, | / / / /
 =========|_|==============|___/=/_/_/_/
 :: Spring Boot ::        (v1.4.3.RELEASE)

2017-02-13 15:49:26.097  INFO 8144 --- [           main] c.a.c.a.AthleteRestControllerTest        : Starting AthleteRestControllerTest on Family-Laptop with PID 8144 (started by home in C:\Alan Development\Workspace\park-rec\website)
2017-02-13 15:49:26.099  INFO 8144 --- [           main] c.a.c.a.AthleteRestControllerTest        : No active profile set, falling back to default profiles: default
2017-02-13 15:49:26.561  INFO 8144 --- [           main] o.s.w.c.s.GenericWebApplicationContext   : Refreshing org.springframework.web.context.support.GenericWebApplicationContext@76a2ddf3: startup date [Mon Feb 13 15:49:26 EST 2017]; root of context hierarchy
2017-02-13 15:49:28.649  INFO 8144 --- [           main] s.w.s.m.m.a.RequestMappingHandlerAdapter : Looking for @ControllerAdvice: org.springframework.web.context.support.GenericWebApplicationContext@76a2ddf3: startup date [Mon Feb 13 15:49:26 EST 2017]; root of context hierarchy
2017-02-13 15:49:28.773  INFO 8144 --- [           main] s.w.s.m.m.a.RequestMappingHandlerMapping : Mapped "{[/api/v1/sports/athletes],methods=[POST]}" onto public org.springframework.http.ResponseEntity<com.aearwood.coordinator.dto.AthleteDTO> com.aearwood.coordinator.api.AthleteRestController.createAthlete(com.aearwood.coordinator.dto.AthleteDTO)
2017-02-13 15:49:28.774  INFO 8144 --- [           main] s.w.s.m.m.a.RequestMappingHandlerMapping : Mapped "{[/api/v1/sports/athletes/{athleteId}/teams],methods=[GET]}" onto public org.springframework.http.ResponseEntity<java.util.Set<com.aearwood.coordinator.dto.TeamDTO>> com.aearwood.coordinator.api.AthleteRestController.readTeams(java.lang.Integer)
2017-02-13 15:49:28.775  INFO 8144 --- [           main] s.w.s.m.m.a.RequestMappingHandlerMapping : Mapped "{[/api/v1/sports/athletes/{athleteId}],methods=[PUT]}" onto public java.lang.String com.aearwood.coordinator.api.AthleteRestController.editAthlete(java.lang.Integer,com.aearwood.coordinator.dto.AthleteCreateForm)
2017-02-13 15:49:28.775  INFO 8144 --- [           main] s.w.s.m.m.a.RequestMappingHandlerMapping : Mapped "{[/api/v1/sports/athletes/{athleteId}],methods=[GET]}" onto public org.springframework.http.ResponseEntity<com.aearwood.coordinator.dto.AthleteDTO> com.aearwood.coordinator.api.AthleteRestController.readAthlete(java.lang.Integer)
2017-02-13 15:49:28.775  INFO 8144 --- [           main] s.w.s.m.m.a.RequestMappingHandlerMapping : Mapped "{[/api/v1/sports/athletes],methods=[GET]}" onto public org.springframework.http.ResponseEntity<java.util.Set<com.aearwood.coordinator.dto.AthleteDTO>> com.aearwood.coordinator.api.AthleteRestController.readAthletes()
2017-02-13 15:49:28.826  INFO 8144 --- [           main] o.s.w.s.h.SimpleUrlHandlerMapping        : Mapped URL path [/webjars/**] onto handler of type [class org.springframework.web.servlet.resource.ResourceHttpRequestHandler]
2017-02-13 15:49:28.827  INFO 8144 --- [           main] o.s.w.s.h.SimpleUrlHandlerMapping        : Mapped URL path [/**] onto handler of type [class org.springframework.web.servlet.resource.ResourceHttpRequestHandler]
2017-02-13 15:49:28.889  INFO 8144 --- [           main] o.s.w.s.h.SimpleUrlHandlerMapping        : Mapped URL path [/**/favicon.ico] onto handler of type [class org.springframework.web.servlet.resource.ResourceHttpRequestHandler]
2017-02-13 15:49:29.478  INFO 8144 --- [           main] o.s.b.t.m.w.SpringBootMockServletContext : Initializing Spring FrameworkServlet ''
2017-02-13 15:49:29.478  INFO 8144 --- [           main] o.s.t.w.s.TestDispatcherServlet          : FrameworkServlet '': initialization started
2017-02-13 15:49:29.501  INFO 8144 --- [           main] o.s.t.w.s.TestDispatcherServlet          : FrameworkServlet '': initialization completed in 23 ms
2017-02-13 15:49:29.594  INFO 8144 --- [           main] c.a.c.a.AthleteRestControllerTest        : Started AthleteRestControllerTest in 4.2 seconds (JVM running for 5.446)

MockHttpServletRequest:
      HTTP Method = POST
      Request URI = /api/v1/sports/athletes
       Parameters = {}
          Headers = {Accept=[application/json;charset=UTF-8], Content-Type=[application/json;charset=UTF-8]}

Handler:
             Type = com.aearwood.coordinator.api.AthleteRestController
           Method = public org.springframework.http.ResponseEntity<com.aearwood.coordinator.dto.AthleteDTO> com.aearwood.coordinator.api.AthleteRestController.createAthlete(com.aearwood.coordinator.dto.AthleteDTO)

Async:
    Async started = false
     Async result = null

Resolved Exception:
             Type = null

ModelAndView:
        View name = null
             View = null
            Model = null

FlashMap:
       Attributes = null

MockHttpServletResponse:
           Status = 201
    Error message = null
          Headers = {}
     Content type = null
             Body = 
    Forwarded URL = null
   Redirected URL = null
          Cookies = []
]]></system-out>
    <system-err><![CDATA[ERROR StatusLogger No log4j2 configuration file found. Using default configuration: logging only errors to the console.
]]></system-err>
  </testcase>
</testsuite>