<?xml version="1.0" encoding="UTF-8"?>
<testsuite name="com.aearwood.coordinator.AthleteRestControllerTest" time="0.027" tests="1" errors="1" skipped="0" failures="0">
  <properties>
[...]
</properties>
  <testcase name="createAthleteSuccess" classname="com.aearwood.coordinator.AthleteRestControllerTest" time="0.027">
    <error message="Unresolved compilation problem: &#10;	WithMockUser cannot be resolved to a type&#10;" type="java.lang.Error">java.lang.Error: Unresolved compilation problem: 
	WithMockUser cannot be resolved to a type

	at com.aearwood.coordinator.AthleteRestControllerTest.createAthleteSuccess(AthleteRestControllerTest.java:77)
</error>
    <system-out><![CDATA[
  .   ____          _            __ _ _
 /\\ / ___'_ __ _ _(_)_ __  __ _ \ \ \ \
( ( )\___ | '_ | '_| | '_ \/ _` | \ \ \ \
 \\/  ___)| |_)| | | | | || (_| |  ) ) ) )
  '  |____| .__|_| |_|_| |_\__, | / / / /
 =========|_|==============|___/=/_/_/_/
 :: Spring Boot ::        (v1.4.3.RELEASE)

2017-02-09 22:18:25.393  INFO 7516 --- [           main] c.a.c.AthleteRestControllerTest          : Starting AthleteRestControllerTest on Family-Laptop with PID 7516 (started by home in C:\Alan Development\Workspace\park-rec\website)
2017-02-09 22:18:25.395  INFO 7516 --- [           main] c.a.c.AthleteRestControllerTest          : No active profile set, falling back to default profiles: default
2017-02-09 22:18:25.914  INFO 7516 --- [           main] o.s.w.c.s.GenericWebApplicationContext   : Refreshing org.springframework.web.context.support.GenericWebApplicationContext@2bb3058: startup date [Thu Feb 09 22:18:25 EST 2017]; root of context hierarchy
2017-02-09 22:18:28.418  INFO 7516 --- [           main] s.w.s.m.m.a.RequestMappingHandlerAdapter : Looking for @ControllerAdvice: org.springframework.web.context.support.GenericWebApplicationContext@2bb3058: startup date [Thu Feb 09 22:18:25 EST 2017]; root of context hierarchy
2017-02-09 22:18:28.537  INFO 7516 --- [           main] s.w.s.m.m.a.RequestMappingHandlerMapping : Mapped "{[/api/v1/sports/athletes],methods=[GET]}" onto public org.springframework.http.ResponseEntity<java.util.Set<com.aearwood.coordinator.dto.AthleteDTO>> com.aearwood.coordinator.api.AthleteRestController.readAthletes()
2017-02-09 22:18:28.539  INFO 7516 --- [           main] s.w.s.m.m.a.RequestMappingHandlerMapping : Mapped "{[/api/v1/sports/athletes/{athleteId}],methods=[PUT]}" onto public java.lang.String com.aearwood.coordinator.api.AthleteRestController.editAthlete(java.lang.Integer,com.aearwood.coordinator.dto.AthleteCreateForm)
2017-02-09 22:18:28.539  INFO 7516 --- [           main] s.w.s.m.m.a.RequestMappingHandlerMapping : Mapped "{[/api/v1/sports/athletes/{athleteId}],methods=[GET]}" onto public org.springframework.http.ResponseEntity<com.aearwood.coordinator.dto.AthleteDTO> com.aearwood.coordinator.api.AthleteRestController.readAthlete(java.lang.Integer)
2017-02-09 22:18:28.540  INFO 7516 --- [           main] s.w.s.m.m.a.RequestMappingHandlerMapping : Mapped "{[/api/v1/sports/athletes/{athleteId}/teams],methods=[GET]}" onto public org.springframework.http.ResponseEntity<java.util.Set<com.aearwood.coordinator.dto.TeamDTO>> com.aearwood.coordinator.api.AthleteRestController.readTeams(java.lang.Integer)
2017-02-09 22:18:28.540  INFO 7516 --- [           main] s.w.s.m.m.a.RequestMappingHandlerMapping : Mapped "{[/api/v1/sports/athletes],methods=[POST]}" onto public org.springframework.http.ResponseEntity<com.aearwood.coordinator.dto.AthleteDTO> com.aearwood.coordinator.api.AthleteRestController.createAthlete(com.aearwood.coordinator.dto.AthleteCreateForm)
2017-02-09 22:18:28.591  INFO 7516 --- [           main] o.s.w.s.h.SimpleUrlHandlerMapping        : Mapped URL path [/webjars/**] onto handler of type [class org.springframework.web.servlet.resource.ResourceHttpRequestHandler]
2017-02-09 22:18:28.591  INFO 7516 --- [           main] o.s.w.s.h.SimpleUrlHandlerMapping        : Mapped URL path [/**] onto handler of type [class org.springframework.web.servlet.resource.ResourceHttpRequestHandler]
2017-02-09 22:18:28.661  INFO 7516 --- [           main] o.s.w.s.h.SimpleUrlHandlerMapping        : Mapped URL path [/**/favicon.ico] onto handler of type [class org.springframework.web.servlet.resource.ResourceHttpRequestHandler]
2017-02-09 22:18:29.726  INFO 7516 --- [           main] b.a.s.AuthenticationManagerConfiguration : 

Using default security password: f608f99d-1b14-47c6-86fe-a49e49aece40

2017-02-09 22:18:30.057  INFO 7516 --- [           main] o.s.s.w.DefaultSecurityFilterChain       : Creating filter chain: Ant [pattern='/css/**'], []
2017-02-09 22:18:30.057  INFO 7516 --- [           main] o.s.s.w.DefaultSecurityFilterChain       : Creating filter chain: Ant [pattern='/js/**'], []
2017-02-09 22:18:30.057  INFO 7516 --- [           main] o.s.s.w.DefaultSecurityFilterChain       : Creating filter chain: Ant [pattern='/images/**'], []
2017-02-09 22:18:30.057  INFO 7516 --- [           main] o.s.s.w.DefaultSecurityFilterChain       : Creating filter chain: Ant [pattern='/webjars/**'], []
2017-02-09 22:18:30.057  INFO 7516 --- [           main] o.s.s.w.DefaultSecurityFilterChain       : Creating filter chain: Ant [pattern='/**/favicon.ico'], []
2017-02-09 22:18:30.222  INFO 7516 --- [           main] o.s.s.w.DefaultSecurityFilterChain       : Creating filter chain: OrRequestMatcher [requestMatchers=[Ant [pattern='/**']]], [org.springframework.security.web.context.request.async.WebAsyncManagerIntegrationFilter@107bfcb2, org.springframework.security.web.context.SecurityContextPersistenceFilter@593a6726, org.springframework.security.web.header.HeaderWriterFilter@6cd64b3f, org.springframework.security.web.authentication.logout.LogoutFilter@36327cec, org.springframework.security.web.authentication.www.BasicAuthenticationFilter@194d329e, org.springframework.security.web.savedrequest.RequestCacheAwareFilter@6dab01d9, org.springframework.security.web.servletapi.SecurityContextHolderAwareRequestFilter@37637a24, org.springframework.security.web.authentication.AnonymousAuthenticationFilter@7bac686b, org.springframework.security.web.session.SessionManagementFilter@43c87306, org.springframework.security.web.access.ExceptionTranslationFilter@5478ce1e, org.springframework.security.web.access.intercept.FilterSecurityInterceptor@4d68b571]
2017-02-09 22:18:30.271  INFO 7516 --- [           main] o.s.b.t.m.w.SpringBootMockServletContext : Initializing Spring FrameworkServlet ''
2017-02-09 22:18:30.272  INFO 7516 --- [           main] o.s.t.w.s.TestDispatcherServlet          : FrameworkServlet '': initialization started
2017-02-09 22:18:30.296  INFO 7516 --- [           main] o.s.t.w.s.TestDispatcherServlet          : FrameworkServlet '': initialization completed in 24 ms
2017-02-09 22:18:30.410  INFO 7516 --- [           main] c.a.c.AthleteRestControllerTest          : Started AthleteRestControllerTest in 6.029 seconds (JVM running for 7.666)
]]></system-out>
    <system-err><![CDATA[ERROR StatusLogger No log4j2 configuration file found. Using default configuration: logging only errors to the console.
]]></system-err>
  </testcase>
</testsuite>